{"C:\\Users\\ss\\Desktop\\BEE!\\FinSight\\src\\config\\db.js": {"path":"C:\\Users\\ss\\Desktop\\BEE!\\FinSight\\src\\config\\db.js","statementMap":{"0":{"start":{"line":1,"column":17},"end":{"line":1,"column":36}},"1":{"start":{"line":3,"column":18},"end":{"line":12,"column":1}},"2":{"start":{"line":4,"column":14},"end":{"line":4,"column":75}},"3":{"start":{"line":5,"column":2},"end":{"line":11,"column":3}},"4":{"start":{"line":6,"column":4},"end":{"line":6,"column":37}},"5":{"start":{"line":7,"column":4},"end":{"line":7,"column":37}},"6":{"start":{"line":9,"column":4},"end":{"line":9,"column":51}},"7":{"start":{"line":10,"column":4},"end":{"line":10,"column":20}},"8":{"start":{"line":14,"column":0},"end":{"line":14,"column":27}}},"fnMap":{"0":{"name":"(anonymous_0)","decl":{"start":{"line":3,"column":18},"end":{"line":3,"column":19}},"loc":{"start":{"line":3,"column":30},"end":{"line":12,"column":1}},"line":3}},"branchMap":{"0":{"loc":{"start":{"line":4,"column":14},"end":{"line":4,"column":75}},"type":"binary-expr","locations":[{"start":{"line":4,"column":14},"end":{"line":4,"column":35}},{"start":{"line":4,"column":39},"end":{"line":4,"column":75}}],"line":4}},"s":{"0":0,"1":0,"2":0,"3":0,"4":0,"5":0,"6":0,"7":0,"8":0},"f":{"0":0},"b":{"0":[0,0]}}
,"C:\\Users\\ss\\Desktop\\BEE!\\FinSight\\src\\controllers\\valuation.js": {"path":"C:\\Users\\ss\\Desktop\\BEE!\\FinSight\\src\\controllers\\valuation.js","statementMap":{"0":{"start":{"line":1,"column":20},"end":{"line":1,"column":52}},"1":{"start":{"line":2,"column":20},"end":{"line":2,"column":52}},"2":{"start":{"line":7,"column":15},"end":{"line":7,"column":54}},"3":{"start":{"line":9,"column":14},"end":{"line":9,"column":16}},"4":{"start":{"line":10,"column":2},"end":{"line":21,"column":3}},"5":{"start":{"line":11,"column":14},"end":{"line":11,"column":22}},"6":{"start":{"line":12,"column":4},"end":{"line":12,"column":59}},"7":{"start":{"line":12,"column":17},"end":{"line":12,"column":59}},"8":{"start":{"line":13,"column":4},"end":{"line":20,"column":5}},"9":{"start":{"line":14,"column":6},"end":{"line":14,"column":37}},"10":{"start":{"line":15,"column":6},"end":{"line":15,"column":26}},"11":{"start":{"line":16,"column":11},"end":{"line":20,"column":5}},"12":{"start":{"line":18,"column":6},"end":{"line":18,"column":26}},"13":{"start":{"line":19,"column":6},"end":{"line":19,"column":41}},"14":{"start":{"line":23,"column":18},"end":{"line":23,"column":34}},"15":{"start":{"line":24,"column":17},"end":{"line":24,"column":19}},"16":{"start":{"line":25,"column":2},"end":{"line":28,"column":3}},"17":{"start":{"line":26,"column":17},"end":{"line":26,"column":69}},"18":{"start":{"line":27,"column":4},"end":{"line":27,"column":53}},"19":{"start":{"line":27,"column":26},"end":{"line":27,"column":53}},"20":{"start":{"line":30,"column":19},"end":{"line":30,"column":21}},"21":{"start":{"line":31,"column":19},"end":{"line":31,"column":20}},"22":{"start":{"line":32,"column":18},"end":{"line":32,"column":19}},"23":{"start":{"line":33,"column":2},"end":{"line":48,"column":3}},"24":{"start":{"line":34,"column":17},"end":{"line":34,"column":23}},"25":{"start":{"line":35,"column":19},"end":{"line":35,"column":33}},"26":{"start":{"line":36,"column":18},"end":{"line":36,"column":42}},"27":{"start":{"line":37,"column":20},"end":{"line":37,"column":83}},"28":{"start":{"line":38,"column":4},"end":{"line":38,"column":24}},"29":{"start":{"line":39,"column":4},"end":{"line":39,"column":27}},"30":{"start":{"line":40,"column":4},"end":{"line":47,"column":7}},"31":{"start":{"line":49,"column":2},"end":{"line":49,"column":83}},"32":{"start":{"line":52,"column":0},"end":{"line":52,"column":45}}},"fnMap":{"0":{"name":"computePortfolioSummary","decl":{"start":{"line":5,"column":15},"end":{"line":5,"column":38}},"loc":{"start":{"line":5,"column":52},"end":{"line":50,"column":1}},"line":5}},"branchMap":{"0":{"loc":{"start":{"line":12,"column":4},"end":{"line":12,"column":59}},"type":"if","locations":[{"start":{"line":12,"column":4},"end":{"line":12,"column":59}},{"start":{},"end":{}}],"line":12},"1":{"loc":{"start":{"line":13,"column":4},"end":{"line":20,"column":5}},"type":"if","locations":[{"start":{"line":13,"column":4},"end":{"line":20,"column":5}},{"start":{"line":16,"column":11},"end":{"line":20,"column":5}}],"line":13},"2":{"loc":{"start":{"line":16,"column":11},"end":{"line":20,"column":5}},"type":"if","locations":[{"start":{"line":16,"column":11},"end":{"line":20,"column":5}},{"start":{},"end":{}}],"line":16},"3":{"loc":{"start":{"line":25,"column":2},"end":{"line":28,"column":3}},"type":"if","locations":[{"start":{"line":25,"column":2},"end":{"line":28,"column":3}},{"start":{},"end":{}}],"line":25},"4":{"loc":{"start":{"line":35,"column":19},"end":{"line":35,"column":33}},"type":"binary-expr","locations":[{"start":{"line":35,"column":19},"end":{"line":35,"column":28}},{"start":{"line":35,"column":32},"end":{"line":35,"column":33}}],"line":35},"5":{"loc":{"start":{"line":36,"column":19},"end":{"line":36,"column":32}},"type":"binary-expr","locations":[{"start":{"line":36,"column":19},"end":{"line":36,"column":27}},{"start":{"line":36,"column":31},"end":{"line":36,"column":32}}],"line":36},"6":{"loc":{"start":{"line":37,"column":20},"end":{"line":37,"column":83}},"type":"cond-expr","locations":[{"start":{"line":37,"column":32},"end":{"line":37,"column":78}},{"start":{"line":37,"column":82},"end":{"line":37,"column":83}}],"line":37},"7":{"loc":{"start":{"line":37,"column":45},"end":{"line":37,"column":77}},"type":"binary-expr","locations":[{"start":{"line":37,"column":45},"end":{"line":37,"column":72}},{"start":{"line":37,"column":76},"end":{"line":37,"column":77}}],"line":37},"8":{"loc":{"start":{"line":37,"column":57},"end":{"line":37,"column":71}},"type":"cond-expr","locations":[{"start":{"line":37,"column":68},"end":{"line":37,"column":69}},{"start":{"line":37,"column":70},"end":{"line":37,"column":71}}],"line":37}},"s":{"0":2,"1":2,"2":7,"3":7,"4":7,"5":8,"6":8,"7":6,"8":8,"9":7,"10":7,"11":1,"12":1,"13":1,"14":7,"15":7,"16":7,"17":5,"18":5,"19":5,"20":7,"21":7,"22":7,"23":7,"24":6,"25":6,"26":6,"27":6,"28":6,"29":6,"30":6,"31":7,"32":2},"f":{"0":7},"b":{"0":[6,2],"1":[7,1],"2":[1,0],"3":[5,2],"4":[6,1],"5":[6,0],"6":[6,0],"7":[6,0],"8":[0,6]},"_coverageSchema":"1a1c01bbd47fc00a2c39e90264f33305004495a9","hash":"768ed41b2f208312e6cab5104ff7c28afd4d4b9b"}
,"C:\\Users\\ss\\Desktop\\BEE!\\FinSight\\src\\middlewares\\auth.js": {"path":"C:\\Users\\ss\\Desktop\\BEE!\\FinSight\\src\\middlewares\\auth.js","statementMap":{"0":{"start":{"line":1,"column":12},"end":{"line":1,"column":35}},"1":{"start":{"line":3,"column":13},"end":{"line":16,"column":1}},"2":{"start":{"line":4,"column":17},"end":{"line":4,"column":42}},"3":{"start":{"line":5,"column":2},"end":{"line":5,"column":86}},"4":{"start":{"line":5,"column":15},"end":{"line":5,"column":86}},"5":{"start":{"line":6,"column":16},"end":{"line":6,"column":33}},"6":{"start":{"line":7,"column":2},"end":{"line":7,"column":99}},"7":{"start":{"line":7,"column":26},"end":{"line":7,"column":99}},"8":{"start":{"line":8,"column":16},"end":{"line":8,"column":24}},"9":{"start":{"line":9,"column":2},"end":{"line":15,"column":3}},"10":{"start":{"line":10,"column":20},"end":{"line":10,"column":73}},"11":{"start":{"line":11,"column":4},"end":{"line":11,"column":38}},"12":{"start":{"line":12,"column":4},"end":{"line":12,"column":11}},"13":{"start":{"line":14,"column":4},"end":{"line":14,"column":60}},"14":{"start":{"line":18,"column":0},"end":{"line":18,"column":22}}},"fnMap":{"0":{"name":"(anonymous_0)","decl":{"start":{"line":3,"column":13},"end":{"line":3,"column":14}},"loc":{"start":{"line":3,"column":33},"end":{"line":16,"column":1}},"line":3}},"branchMap":{"0":{"loc":{"start":{"line":5,"column":2},"end":{"line":5,"column":86}},"type":"if","locations":[{"start":{"line":5,"column":2},"end":{"line":5,"column":86}},{"start":{},"end":{}}],"line":5},"1":{"loc":{"start":{"line":7,"column":2},"end":{"line":7,"column":99}},"type":"if","locations":[{"start":{"line":7,"column":2},"end":{"line":7,"column":99}},{"start":{},"end":{}}],"line":7},"2":{"loc":{"start":{"line":10,"column":38},"end":{"line":10,"column":72}},"type":"binary-expr","locations":[{"start":{"line":10,"column":38},"end":{"line":10,"column":60}},{"start":{"line":10,"column":64},"end":{"line":10,"column":72}}],"line":10}},"s":{"0":2,"1":2,"2":15,"3":15,"4":2,"5":13,"6":13,"7":0,"8":13,"9":13,"10":13,"11":13,"12":13,"13":0,"14":2},"f":{"0":15},"b":{"0":[2,13],"1":[0,13],"2":[13,13]},"_coverageSchema":"1a1c01bbd47fc00a2c39e90264f33305004495a9","hash":"167dec235d85ec8ca40ddd8eb5132093ad88383f"}
,"C:\\Users\\ss\\Desktop\\BEE!\\FinSight\\src\\middlewares\\error.js": {"path":"C:\\Users\\ss\\Desktop\\BEE!\\FinSight\\src\\middlewares\\error.js","statementMap":{"0":{"start":{"line":1,"column":17},"end":{"line":3,"column":1}},"1":{"start":{"line":2,"column":2},"end":{"line":2,"column":47}},"2":{"start":{"line":5,"column":21},"end":{"line":8,"column":1}},"3":{"start":{"line":6,"column":2},"end":{"line":6,"column":21}},"4":{"start":{"line":7,"column":2},"end":{"line":7,"column":79}},"5":{"start":{"line":10,"column":0},"end":{"line":10,"column":44}}},"fnMap":{"0":{"name":"(anonymous_0)","decl":{"start":{"line":1,"column":17},"end":{"line":1,"column":18}},"loc":{"start":{"line":1,"column":37},"end":{"line":3,"column":1}},"line":1},"1":{"name":"(anonymous_1)","decl":{"start":{"line":5,"column":21},"end":{"line":5,"column":22}},"loc":{"start":{"line":5,"column":46},"end":{"line":8,"column":1}},"line":5}},"branchMap":{"0":{"loc":{"start":{"line":7,"column":13},"end":{"line":7,"column":30}},"type":"binary-expr","locations":[{"start":{"line":7,"column":13},"end":{"line":7,"column":23}},{"start":{"line":7,"column":27},"end":{"line":7,"column":30}}],"line":7},"1":{"loc":{"start":{"line":7,"column":46},"end":{"line":7,"column":75}},"type":"binary-expr","locations":[{"start":{"line":7,"column":46},"end":{"line":7,"column":57}},{"start":{"line":7,"column":61},"end":{"line":7,"column":75}}],"line":7}},"s":{"0":0,"1":0,"2":0,"3":0,"4":0,"5":0},"f":{"0":0,"1":0},"b":{"0":[0,0],"1":[0,0]}}
,"C:\\Users\\ss\\Desktop\\BEE!\\FinSight\\src\\models\\Alert.js": {"path":"C:\\Users\\ss\\Desktop\\BEE!\\FinSight\\src\\models\\Alert.js","statementMap":{"0":{"start":{"line":1,"column":17},"end":{"line":1,"column":36}},"1":{"start":{"line":3,"column":20},"end":{"line":10,"column":2}},"2":{"start":{"line":12,"column":0},"end":{"line":12,"column":54}}},"fnMap":{},"branchMap":{},"s":{"0":0,"1":0,"2":0},"f":{},"b":{}}
,"C:\\Users\\ss\\Desktop\\BEE!\\FinSight\\src\\models\\MarketPrice.js": {"path":"C:\\Users\\ss\\Desktop\\BEE!\\FinSight\\src\\models\\MarketPrice.js","statementMap":{"0":{"start":{"line":1,"column":17},"end":{"line":1,"column":36}},"1":{"start":{"line":3,"column":26},"end":{"line":7,"column":2}},"2":{"start":{"line":9,"column":0},"end":{"line":9,"column":66}}},"fnMap":{},"branchMap":{},"s":{"0":2,"1":2,"2":2},"f":{},"b":{},"_coverageSchema":"1a1c01bbd47fc00a2c39e90264f33305004495a9","hash":"61382526e2b4094dd605601f36338068410ccd95"}
,"C:\\Users\\ss\\Desktop\\BEE!\\FinSight\\src\\models\\Portfolio.js": {"path":"C:\\Users\\ss\\Desktop\\BEE!\\FinSight\\src\\models\\Portfolio.js","statementMap":{"0":{"start":{"line":1,"column":17},"end":{"line":1,"column":36}},"1":{"start":{"line":3,"column":24},"end":{"line":8,"column":2}},"2":{"start":{"line":10,"column":0},"end":{"line":10,"column":62}}},"fnMap":{},"branchMap":{},"s":{"0":3,"1":3,"2":3},"f":{},"b":{},"_coverageSchema":"1a1c01bbd47fc00a2c39e90264f33305004495a9","hash":"2130998a7b55c661786631d47a23db8bf99fee35"}
,"C:\\Users\\ss\\Desktop\\BEE!\\FinSight\\src\\models\\Stock.js": {"path":"C:\\Users\\ss\\Desktop\\BEE!\\FinSight\\src\\models\\Stock.js","statementMap":{"0":{"start":{"line":2,"column":17},"end":{"line":2,"column":36}},"1":{"start":{"line":4,"column":20},"end":{"line":22,"column":2}},"2":{"start":{"line":25,"column":0},"end":{"line":25,"column":33}},"3":{"start":{"line":26,"column":0},"end":{"line":26,"column":52}},"4":{"start":{"line":27,"column":0},"end":{"line":27,"column":33}},"5":{"start":{"line":29,"column":0},"end":{"line":29,"column":54}}},"fnMap":{},"branchMap":{},"s":{"0":0,"1":0,"2":0,"3":0,"4":0,"5":0},"f":{},"b":{}}
,"C:\\Users\\ss\\Desktop\\BEE!\\FinSight\\src\\models\\Transaction.js": {"path":"C:\\Users\\ss\\Desktop\\BEE!\\FinSight\\src\\models\\Transaction.js","statementMap":{"0":{"start":{"line":1,"column":17},"end":{"line":1,"column":36}},"1":{"start":{"line":3,"column":26},"end":{"line":10,"column":2}},"2":{"start":{"line":12,"column":0},"end":{"line":12,"column":66}}},"fnMap":{},"branchMap":{},"s":{"0":3,"1":3,"2":3},"f":{},"b":{},"_coverageSchema":"1a1c01bbd47fc00a2c39e90264f33305004495a9","hash":"cbef389692a9c8ee85e170ae266664b7c6ca2a03"}
,"C:\\Users\\ss\\Desktop\\BEE!\\FinSight\\src\\models\\User.js": {"path":"C:\\Users\\ss\\Desktop\\BEE!\\FinSight\\src\\models\\User.js","statementMap":{"0":{"start":{"line":1,"column":17},"end":{"line":1,"column":36}},"1":{"start":{"line":2,"column":15},"end":{"line":2,"column":32}},"2":{"start":{"line":4,"column":19},"end":{"line":9,"column":2}},"3":{"start":{"line":11,"column":0},"end":{"line":13,"column":2}},"4":{"start":{"line":12,"column":2},"end":{"line":12,"column":53}},"5":{"start":{"line":15,"column":0},"end":{"line":15,"column":52}}},"fnMap":{"0":{"name":"(anonymous_0)","decl":{"start":{"line":11,"column":36},"end":{"line":11,"column":37}},"loc":{"start":{"line":11,"column":55},"end":{"line":13,"column":1}},"line":11}},"branchMap":{},"s":{"0":4,"1":4,"2":4,"3":4,"4":2,"5":4},"f":{"0":2},"b":{},"_coverageSchema":"1a1c01bbd47fc00a2c39e90264f33305004495a9","hash":"9c7a60285b8c20145e04435557ab0c47bd51c7ea"}
,"C:\\Users\\ss\\Desktop\\BEE!\\FinSight\\src\\routes\\alerts.js": {"path":"C:\\Users\\ss\\Desktop\\BEE!\\FinSight\\src\\routes\\alerts.js","statementMap":{"0":{"start":{"line":1,"column":16},"end":{"line":1,"column":34}},"1":{"start":{"line":2,"column":14},"end":{"line":2,"column":40}},"2":{"start":{"line":3,"column":13},"end":{"line":3,"column":43}},"3":{"start":{"line":4,"column":15},"end":{"line":4,"column":31}},"4":{"start":{"line":6,"column":0},"end":{"line":6,"column":17}},"5":{"start":{"line":8,"column":0},"end":{"line":15,"column":3}},"6":{"start":{"line":9,"column":2},"end":{"line":14,"column":30}},"7":{"start":{"line":10,"column":41},"end":{"line":10,"column":49}},"8":{"start":{"line":11,"column":14},"end":{"line":11,"column":96}},"9":{"start":{"line":12,"column":4},"end":{"line":12,"column":19}},"10":{"start":{"line":13,"column":4},"end":{"line":13,"column":28}},"11":{"start":{"line":14,"column":18},"end":{"line":14,"column":28}},"12":{"start":{"line":17,"column":0},"end":{"line":22,"column":3}},"13":{"start":{"line":18,"column":2},"end":{"line":21,"column":30}},"14":{"start":{"line":19,"column":17},"end":{"line":19,"column":58}},"15":{"start":{"line":20,"column":4},"end":{"line":20,"column":19}},"16":{"start":{"line":21,"column":18},"end":{"line":21,"column":28}},"17":{"start":{"line":24,"column":0},"end":{"line":24,"column":24}}},"fnMap":{"0":{"name":"(anonymous_0)","decl":{"start":{"line":8,"column":17},"end":{"line":8,"column":18}},"loc":{"start":{"line":8,"column":43},"end":{"line":15,"column":1}},"line":8},"1":{"name":"(anonymous_1)","decl":{"start":{"line":17,"column":16},"end":{"line":17,"column":17}},"loc":{"start":{"line":17,"column":42},"end":{"line":22,"column":1}},"line":17}},"branchMap":{},"s":{"0":0,"1":0,"2":0,"3":0,"4":0,"5":0,"6":0,"7":0,"8":0,"9":0,"10":0,"11":0,"12":0,"13":0,"14":0,"15":0,"16":0,"17":0},"f":{"0":0,"1":0},"b":{}}
,"C:\\Users\\ss\\Desktop\\BEE!\\FinSight\\src\\routes\\auth.js": {"path":"C:\\Users\\ss\\Desktop\\BEE!\\FinSight\\src\\routes\\auth.js","statementMap":{"0":{"start":{"line":1,"column":16},"end":{"line":1,"column":34}},"1":{"start":{"line":2,"column":35},"end":{"line":2,"column":63}},"2":{"start":{"line":3,"column":15},"end":{"line":3,"column":32}},"3":{"start":{"line":4,"column":12},"end":{"line":4,"column":35}},"4":{"start":{"line":5,"column":13},"end":{"line":5,"column":38}},"5":{"start":{"line":7,"column":15},"end":{"line":7,"column":31}},"6":{"start":{"line":9,"column":0},"end":{"line":25,"column":2}},"7":{"start":{"line":13,"column":4},"end":{"line":23,"column":32}},"8":{"start":{"line":14,"column":21},"end":{"line":14,"column":42}},"9":{"start":{"line":15,"column":6},"end":{"line":15,"column":85}},"10":{"start":{"line":15,"column":29},"end":{"line":15,"column":85}},"11":{"start":{"line":16,"column":40},"end":{"line":16,"column":48}},"12":{"start":{"line":17,"column":23},"end":{"line":17,"column":52}},"13":{"start":{"line":18,"column":6},"end":{"line":18,"column":87}},"14":{"start":{"line":18,"column":20},"end":{"line":18,"column":87}},"15":{"start":{"line":19,"column":19},"end":{"line":19,"column":50}},"16":{"start":{"line":20,"column":19},"end":{"line":20,"column":64}},"17":{"start":{"line":21,"column":6},"end":{"line":21,"column":24}},"18":{"start":{"line":22,"column":6},"end":{"line":22,"column":54}},"19":{"start":{"line":23,"column":20},"end":{"line":23,"column":30}},"20":{"start":{"line":27,"column":0},"end":{"line":37,"column":3}},"21":{"start":{"line":28,"column":2},"end":{"line":36,"column":30}},"22":{"start":{"line":29,"column":32},"end":{"line":29,"column":40}},"23":{"start":{"line":30,"column":17},"end":{"line":30,"column":46}},"24":{"start":{"line":31,"column":4},"end":{"line":31,"column":77}},"25":{"start":{"line":31,"column":15},"end":{"line":31,"column":77}},"26":{"start":{"line":32,"column":15},"end":{"line":32,"column":50}},"27":{"start":{"line":33,"column":4},"end":{"line":33,"column":75}},"28":{"start":{"line":33,"column":13},"end":{"line":33,"column":75}},"29":{"start":{"line":34,"column":18},"end":{"line":34,"column":105}},"30":{"start":{"line":35,"column":4},"end":{"line":35,"column":24}},"31":{"start":{"line":36,"column":18},"end":{"line":36,"column":28}},"32":{"start":{"line":39,"column":0},"end":{"line":39,"column":24}}},"fnMap":{"0":{"name":"(anonymous_0)","decl":{"start":{"line":12,"column":2},"end":{"line":12,"column":3}},"loc":{"start":{"line":12,"column":28},"end":{"line":24,"column":3}},"line":12},"1":{"name":"(anonymous_1)","decl":{"start":{"line":27,"column":22},"end":{"line":27,"column":23}},"loc":{"start":{"line":27,"column":48},"end":{"line":37,"column":1}},"line":27}},"branchMap":{"0":{"loc":{"start":{"line":15,"column":6},"end":{"line":15,"column":85}},"type":"if","locations":[{"start":{"line":15,"column":6},"end":{"line":15,"column":85}},{"start":{},"end":{}}],"line":15},"1":{"loc":{"start":{"line":18,"column":6},"end":{"line":18,"column":87}},"type":"if","locations":[{"start":{"line":18,"column":6},"end":{"line":18,"column":87}},{"start":{},"end":{}}],"line":18},"2":{"loc":{"start":{"line":31,"column":4},"end":{"line":31,"column":77}},"type":"if","locations":[{"start":{"line":31,"column":4},"end":{"line":31,"column":77}},{"start":{},"end":{}}],"line":31},"3":{"loc":{"start":{"line":33,"column":4},"end":{"line":33,"column":75}},"type":"if","locations":[{"start":{"line":33,"column":4},"end":{"line":33,"column":75}},{"start":{},"end":{}}],"line":33},"4":{"loc":{"start":{"line":34,"column":49},"end":{"line":34,"column":83}},"type":"binary-expr","locations":[{"start":{"line":34,"column":49},"end":{"line":34,"column":71}},{"start":{"line":34,"column":75},"end":{"line":34,"column":83}}],"line":34}},"s":{"0":1,"1":1,"2":1,"3":1,"4":1,"5":1,"6":1,"7":7,"8":7,"9":7,"10":2,"11":5,"12":5,"13":5,"14":1,"15":4,"16":4,"17":4,"18":4,"19":0,"20":1,"21":3,"22":3,"23":3,"24":3,"25":1,"26":2,"27":2,"28":1,"29":1,"30":1,"31":0,"32":1},"f":{"0":7,"1":3},"b":{"0":[2,5],"1":[1,4],"2":[1,2],"3":[1,1],"4":[1,1]},"_coverageSchema":"1a1c01bbd47fc00a2c39e90264f33305004495a9","hash":"b12340f206320dbe3ad030eb6447a80161645425"}
,"C:\\Users\\ss\\Desktop\\BEE!\\FinSight\\src\\routes\\authDemo.js": {"path":"C:\\Users\\ss\\Desktop\\BEE!\\FinSight\\src\\routes\\authDemo.js","statementMap":{"0":{"start":{"line":1,"column":16},"end":{"line":1,"column":34}},"1":{"start":{"line":2,"column":15},"end":{"line":2,"column":31}},"2":{"start":{"line":3,"column":15},"end":{"line":3,"column":34}},"3":{"start":{"line":4,"column":13},"end":{"line":4,"column":38}},"4":{"start":{"line":5,"column":18},"end":{"line":5,"column":48}},"5":{"start":{"line":6,"column":20},"end":{"line":6,"column":52}},"6":{"start":{"line":7,"column":14},"end":{"line":7,"column":40}},"7":{"start":{"line":8,"column":36},"end":{"line":8,"column":71}},"8":{"start":{"line":12,"column":4},"end":{"line":12,"column":67}},"9":{"start":{"line":12,"column":28},"end":{"line":12,"column":67}},"10":{"start":{"line":13,"column":4},"end":{"line":13,"column":11}},"11":{"start":{"line":17,"column":4},"end":{"line":17,"column":64}},"12":{"start":{"line":17,"column":29},"end":{"line":17,"column":64}},"13":{"start":{"line":18,"column":4},"end":{"line":18,"column":11}},"14":{"start":{"line":22,"column":0},"end":{"line":28,"column":3}},"15":{"start":{"line":23,"column":4},"end":{"line":27,"column":5}},"16":{"start":{"line":24,"column":8},"end":{"line":24,"column":47}},"17":{"start":{"line":26,"column":8},"end":{"line":26,"column":43}},"18":{"start":{"line":31,"column":0},"end":{"line":33,"column":3}},"19":{"start":{"line":32,"column":4},"end":{"line":32,"column":47}},"20":{"start":{"line":36,"column":0},"end":{"line":67,"column":3}},"21":{"start":{"line":37,"column":4},"end":{"line":66,"column":5}},"22":{"start":{"line":38,"column":42},"end":{"line":38,"column":50}},"23":{"start":{"line":41,"column":8},"end":{"line":43,"column":9}},"24":{"start":{"line":42,"column":12},"end":{"line":42,"column":91}},"25":{"start":{"line":45,"column":8},"end":{"line":47,"column":9}},"26":{"start":{"line":46,"column":12},"end":{"line":46,"column":103}},"27":{"start":{"line":49,"column":29},"end":{"line":49,"column":79}},"28":{"start":{"line":50,"column":8},"end":{"line":52,"column":9}},"29":{"start":{"line":51,"column":12},"end":{"line":51,"column":80}},"30":{"start":{"line":54,"column":23},"end":{"line":54,"column":54}},"31":{"start":{"line":55,"column":21},"end":{"line":59,"column":10}},"32":{"start":{"line":61,"column":8},"end":{"line":61,"column":38}},"33":{"start":{"line":62,"column":8},"end":{"line":62,"column":40}},"34":{"start":{"line":64,"column":8},"end":{"line":64,"column":44}},"35":{"start":{"line":65,"column":8},"end":{"line":65,"column":88}},"36":{"start":{"line":70,"column":0},"end":{"line":72,"column":3}},"37":{"start":{"line":71,"column":4},"end":{"line":71,"column":46}},"38":{"start":{"line":75,"column":0},"end":{"line":99,"column":3}},"39":{"start":{"line":76,"column":4},"end":{"line":98,"column":5}},"40":{"start":{"line":77,"column":36},"end":{"line":77,"column":44}},"41":{"start":{"line":79,"column":8},"end":{"line":81,"column":9}},"42":{"start":{"line":80,"column":12},"end":{"line":80,"column":90}},"43":{"start":{"line":83,"column":21},"end":{"line":83,"column":71}},"44":{"start":{"line":84,"column":8},"end":{"line":86,"column":9}},"45":{"start":{"line":85,"column":12},"end":{"line":85,"column":84}},"46":{"start":{"line":88,"column":22},"end":{"line":88,"column":71}},"47":{"start":{"line":89,"column":8},"end":{"line":91,"column":9}},"48":{"start":{"line":90,"column":12},"end":{"line":90,"column":84}},"49":{"start":{"line":93,"column":8},"end":{"line":93,"column":38}},"50":{"start":{"line":94,"column":8},"end":{"line":94,"column":40}},"51":{"start":{"line":96,"column":8},"end":{"line":96,"column":43}},"52":{"start":{"line":97,"column":8},"end":{"line":97,"column":87}},"53":{"start":{"line":102,"column":0},"end":{"line":109,"column":3}},"54":{"start":{"line":103,"column":4},"end":{"line":108,"column":7}},"55":{"start":{"line":104,"column":8},"end":{"line":106,"column":9}},"56":{"start":{"line":105,"column":12},"end":{"line":105,"column":57}},"57":{"start":{"line":107,"column":8},"end":{"line":107,"column":36}},"58":{"start":{"line":112,"column":0},"end":{"line":129,"column":3}},"59":{"start":{"line":113,"column":4},"end":{"line":128,"column":5}},"60":{"start":{"line":114,"column":21},"end":{"line":114,"column":60}},"61":{"start":{"line":115,"column":27},"end":{"line":115,"column":80}},"62":{"start":{"line":116,"column":8},"end":{"line":120,"column":11}},"63":{"start":{"line":122,"column":8},"end":{"line":122,"column":47}},"64":{"start":{"line":123,"column":8},"end":{"line":127,"column":11}},"65":{"start":{"line":132,"column":0},"end":{"line":134,"column":3}},"66":{"start":{"line":133,"column":4},"end":{"line":133,"column":52}},"67":{"start":{"line":137,"column":0},"end":{"line":157,"column":3}},"68":{"start":{"line":138,"column":4},"end":{"line":156,"column":5}},"69":{"start":{"line":139,"column":35},"end":{"line":139,"column":43}},"70":{"start":{"line":141,"column":8},"end":{"line":143,"column":9}},"71":{"start":{"line":142,"column":12},"end":{"line":142,"column":91}},"72":{"start":{"line":145,"column":26},"end":{"line":149,"column":10}},"73":{"start":{"line":151,"column":8},"end":{"line":151,"column":31}},"74":{"start":{"line":152,"column":8},"end":{"line":152,"column":40}},"75":{"start":{"line":154,"column":8},"end":{"line":154,"column":56}},"76":{"start":{"line":155,"column":8},"end":{"line":155,"column":80}},"77":{"start":{"line":160,"column":0},"end":{"line":181,"column":3}},"78":{"start":{"line":161,"column":4},"end":{"line":180,"column":5}},"79":{"start":{"line":162,"column":26},"end":{"line":162,"column":65}},"80":{"start":{"line":164,"column":8},"end":{"line":166,"column":9}},"81":{"start":{"line":165,"column":12},"end":{"line":165,"column":87}},"82":{"start":{"line":168,"column":24},"end":{"line":168,"column":68}},"83":{"start":{"line":170,"column":8},"end":{"line":176,"column":11}},"84":{"start":{"line":178,"column":8},"end":{"line":178,"column":55}},"85":{"start":{"line":179,"column":8},"end":{"line":179,"column":80}},"86":{"start":{"line":184,"column":0},"end":{"line":202,"column":3}},"87":{"start":{"line":185,"column":4},"end":{"line":201,"column":5}},"88":{"start":{"line":186,"column":26},"end":{"line":186,"column":65}},"89":{"start":{"line":188,"column":8},"end":{"line":190,"column":9}},"90":{"start":{"line":189,"column":12},"end":{"line":189,"column":87}},"91":{"start":{"line":192,"column":29},"end":{"line":192,"column":102}},"92":{"start":{"line":194,"column":8},"end":{"line":197,"column":11}},"93":{"start":{"line":199,"column":8},"end":{"line":199,"column":50}},"94":{"start":{"line":200,"column":8},"end":{"line":200,"column":83}},"95":{"start":{"line":205,"column":0},"end":{"line":223,"column":3}},"96":{"start":{"line":206,"column":4},"end":{"line":222,"column":5}},"97":{"start":{"line":207,"column":26},"end":{"line":207,"column":65}},"98":{"start":{"line":209,"column":8},"end":{"line":211,"column":9}},"99":{"start":{"line":210,"column":12},"end":{"line":210,"column":87}},"100":{"start":{"line":213,"column":23},"end":{"line":213,"column":95}},"101":{"start":{"line":215,"column":8},"end":{"line":218,"column":11}},"102":{"start":{"line":220,"column":8},"end":{"line":220,"column":44}},"103":{"start":{"line":221,"column":8},"end":{"line":221,"column":77}},"104":{"start":{"line":226,"column":0},"end":{"line":239,"column":3}},"105":{"start":{"line":227,"column":4},"end":{"line":238,"column":5}},"106":{"start":{"line":228,"column":26},"end":{"line":228,"column":65}},"107":{"start":{"line":230,"column":8},"end":{"line":232,"column":9}},"108":{"start":{"line":231,"column":12},"end":{"line":231,"column":87}},"109":{"start":{"line":234,"column":8},"end":{"line":234,"column":76}},"110":{"start":{"line":236,"column":8},"end":{"line":236,"column":58}},"111":{"start":{"line":237,"column":8},"end":{"line":237,"column":75}},"112":{"start":{"line":242,"column":0},"end":{"line":277,"column":3}},"113":{"start":{"line":243,"column":4},"end":{"line":276,"column":5}},"114":{"start":{"line":244,"column":26},"end":{"line":244,"column":65}},"115":{"start":{"line":246,"column":8},"end":{"line":248,"column":9}},"116":{"start":{"line":247,"column":12},"end":{"line":247,"column":87}},"117":{"start":{"line":250,"column":45},"end":{"line":250,"column":53}},"118":{"start":{"line":252,"column":8},"end":{"line":257,"column":9}},"119":{"start":{"line":253,"column":12},"end":{"line":256,"column":15}},"120":{"start":{"line":259,"column":28},"end":{"line":265,"column":10}},"121":{"start":{"line":267,"column":8},"end":{"line":267,"column":33}},"122":{"start":{"line":268,"column":8},"end":{"line":268,"column":57}},"123":{"start":{"line":270,"column":8},"end":{"line":270,"column":53}},"124":{"start":{"line":271,"column":26},"end":{"line":271,"column":65}},"125":{"start":{"line":272,"column":8},"end":{"line":275,"column":11}},"126":{"start":{"line":279,"column":0},"end":{"line":279,"column":24}}},"fnMap":{"0":{"name":"redirectIfLoggedIn","decl":{"start":{"line":11,"column":9},"end":{"line":11,"column":27}},"loc":{"start":{"line":11,"column":44},"end":{"line":14,"column":1}},"line":11},"1":{"name":"requireLogin","decl":{"start":{"line":16,"column":9},"end":{"line":16,"column":21}},"loc":{"start":{"line":16,"column":38},"end":{"line":19,"column":1}},"line":16},"2":{"name":"(anonymous_2)","decl":{"start":{"line":22,"column":16},"end":{"line":22,"column":17}},"loc":{"start":{"line":22,"column":30},"end":{"line":28,"column":1}},"line":22},"3":{"name":"(anonymous_3)","decl":{"start":{"line":31,"column":42},"end":{"line":31,"column":43}},"loc":{"start":{"line":31,"column":56},"end":{"line":33,"column":1}},"line":31},"4":{"name":"(anonymous_4)","decl":{"start":{"line":36,"column":23},"end":{"line":36,"column":24}},"loc":{"start":{"line":36,"column":43},"end":{"line":67,"column":1}},"line":36},"5":{"name":"(anonymous_5)","decl":{"start":{"line":70,"column":41},"end":{"line":70,"column":42}},"loc":{"start":{"line":70,"column":55},"end":{"line":72,"column":1}},"line":70},"6":{"name":"(anonymous_6)","decl":{"start":{"line":75,"column":22},"end":{"line":75,"column":23}},"loc":{"start":{"line":75,"column":42},"end":{"line":99,"column":1}},"line":75},"7":{"name":"(anonymous_7)","decl":{"start":{"line":102,"column":36},"end":{"line":102,"column":37}},"loc":{"start":{"line":102,"column":50},"end":{"line":109,"column":1}},"line":102},"8":{"name":"(anonymous_8)","decl":{"start":{"line":103,"column":24},"end":{"line":103,"column":25}},"loc":{"start":{"line":103,"column":33},"end":{"line":108,"column":5}},"line":103},"9":{"name":"(anonymous_9)","decl":{"start":{"line":112,"column":39},"end":{"line":112,"column":40}},"loc":{"start":{"line":112,"column":59},"end":{"line":129,"column":1}},"line":112},"10":{"name":"(anonymous_10)","decl":{"start":{"line":132,"column":46},"end":{"line":132,"column":47}},"loc":{"start":{"line":132,"column":60},"end":{"line":134,"column":1}},"line":132},"11":{"name":"(anonymous_11)","decl":{"start":{"line":137,"column":47},"end":{"line":137,"column":48}},"loc":{"start":{"line":137,"column":67},"end":{"line":157,"column":1}},"line":137},"12":{"name":"(anonymous_12)","decl":{"start":{"line":160,"column":43},"end":{"line":160,"column":44}},"loc":{"start":{"line":160,"column":63},"end":{"line":181,"column":1}},"line":160},"13":{"name":"(anonymous_13)","decl":{"start":{"line":184,"column":56},"end":{"line":184,"column":57}},"loc":{"start":{"line":184,"column":76},"end":{"line":202,"column":1}},"line":184},"14":{"name":"(anonymous_14)","decl":{"start":{"line":205,"column":50},"end":{"line":205,"column":51}},"loc":{"start":{"line":205,"column":70},"end":{"line":223,"column":1}},"line":205},"15":{"name":"(anonymous_15)","decl":{"start":{"line":226,"column":59},"end":{"line":226,"column":60}},"loc":{"start":{"line":226,"column":79},"end":{"line":239,"column":1}},"line":226},"16":{"name":"(anonymous_16)","decl":{"start":{"line":242,"column":60},"end":{"line":242,"column":61}},"loc":{"start":{"line":242,"column":80},"end":{"line":277,"column":1}},"line":242}},"branchMap":{"0":{"loc":{"start":{"line":12,"column":4},"end":{"line":12,"column":67}},"type":"if","locations":[{"start":{"line":12,"column":4},"end":{"line":12,"column":67}},{"start":{},"end":{}}],"line":12},"1":{"loc":{"start":{"line":17,"column":4},"end":{"line":17,"column":64}},"type":"if","locations":[{"start":{"line":17,"column":4},"end":{"line":17,"column":64}},{"start":{},"end":{}}],"line":17},"2":{"loc":{"start":{"line":23,"column":4},"end":{"line":27,"column":5}},"type":"if","locations":[{"start":{"line":23,"column":4},"end":{"line":27,"column":5}},{"start":{"line":25,"column":11},"end":{"line":27,"column":5}}],"line":23},"3":{"loc":{"start":{"line":41,"column":8},"end":{"line":43,"column":9}},"type":"if","locations":[{"start":{"line":41,"column":8},"end":{"line":43,"column":9}},{"start":{},"end":{}}],"line":41},"4":{"loc":{"start":{"line":41,"column":12},"end":{"line":41,"column":31}},"type":"binary-expr","locations":[{"start":{"line":41,"column":12},"end":{"line":41,"column":18}},{"start":{"line":41,"column":22},"end":{"line":41,"column":31}}],"line":41},"5":{"loc":{"start":{"line":45,"column":8},"end":{"line":47,"column":9}},"type":"if","locations":[{"start":{"line":45,"column":8},"end":{"line":47,"column":9}},{"start":{},"end":{}}],"line":45},"6":{"loc":{"start":{"line":50,"column":8},"end":{"line":52,"column":9}},"type":"if","locations":[{"start":{"line":50,"column":8},"end":{"line":52,"column":9}},{"start":{},"end":{}}],"line":50},"7":{"loc":{"start":{"line":57,"column":18},"end":{"line":57,"column":32}},"type":"binary-expr","locations":[{"start":{"line":57,"column":18},"end":{"line":57,"column":22}},{"start":{"line":57,"column":26},"end":{"line":57,"column":32}}],"line":57},"8":{"loc":{"start":{"line":79,"column":8},"end":{"line":81,"column":9}},"type":"if","locations":[{"start":{"line":79,"column":8},"end":{"line":81,"column":9}},{"start":{},"end":{}}],"line":79},"9":{"loc":{"start":{"line":79,"column":12},"end":{"line":79,"column":31}},"type":"binary-expr","locations":[{"start":{"line":79,"column":12},"end":{"line":79,"column":18}},{"start":{"line":79,"column":22},"end":{"line":79,"column":31}}],"line":79},"10":{"loc":{"start":{"line":84,"column":8},"end":{"line":86,"column":9}},"type":"if","locations":[{"start":{"line":84,"column":8},"end":{"line":86,"column":9}},{"start":{},"end":{}}],"line":84},"11":{"loc":{"start":{"line":89,"column":8},"end":{"line":91,"column":9}},"type":"if","locations":[{"start":{"line":89,"column":8},"end":{"line":91,"column":9}},{"start":{},"end":{}}],"line":89},"12":{"loc":{"start":{"line":104,"column":8},"end":{"line":106,"column":9}},"type":"if","locations":[{"start":{"line":104,"column":8},"end":{"line":106,"column":9}},{"start":{},"end":{}}],"line":104},"13":{"loc":{"start":{"line":141,"column":8},"end":{"line":143,"column":9}},"type":"if","locations":[{"start":{"line":141,"column":8},"end":{"line":143,"column":9}},{"start":{},"end":{}}],"line":141},"14":{"loc":{"start":{"line":148,"column":22},"end":{"line":148,"column":39}},"type":"binary-expr","locations":[{"start":{"line":148,"column":22},"end":{"line":148,"column":30}},{"start":{"line":148,"column":34},"end":{"line":148,"column":39}}],"line":148},"15":{"loc":{"start":{"line":164,"column":8},"end":{"line":166,"column":9}},"type":"if","locations":[{"start":{"line":164,"column":8},"end":{"line":166,"column":9}},{"start":{},"end":{}}],"line":164},"16":{"loc":{"start":{"line":164,"column":12},"end":{"line":164,"column":82}},"type":"binary-expr","locations":[{"start":{"line":164,"column":12},"end":{"line":164,"column":22}},{"start":{"line":164,"column":26},"end":{"line":164,"column":82}}],"line":164},"17":{"loc":{"start":{"line":188,"column":8},"end":{"line":190,"column":9}},"type":"if","locations":[{"start":{"line":188,"column":8},"end":{"line":190,"column":9}},{"start":{},"end":{}}],"line":188},"18":{"loc":{"start":{"line":188,"column":12},"end":{"line":188,"column":82}},"type":"binary-expr","locations":[{"start":{"line":188,"column":12},"end":{"line":188,"column":22}},{"start":{"line":188,"column":26},"end":{"line":188,"column":82}}],"line":188},"19":{"loc":{"start":{"line":209,"column":8},"end":{"line":211,"column":9}},"type":"if","locations":[{"start":{"line":209,"column":8},"end":{"line":211,"column":9}},{"start":{},"end":{}}],"line":209},"20":{"loc":{"start":{"line":209,"column":12},"end":{"line":209,"column":82}},"type":"binary-expr","locations":[{"start":{"line":209,"column":12},"end":{"line":209,"column":22}},{"start":{"line":209,"column":26},"end":{"line":209,"column":82}}],"line":209},"21":{"loc":{"start":{"line":230,"column":8},"end":{"line":232,"column":9}},"type":"if","locations":[{"start":{"line":230,"column":8},"end":{"line":232,"column":9}},{"start":{},"end":{}}],"line":230},"22":{"loc":{"start":{"line":230,"column":12},"end":{"line":230,"column":82}},"type":"binary-expr","locations":[{"start":{"line":230,"column":12},"end":{"line":230,"column":22}},{"start":{"line":230,"column":26},"end":{"line":230,"column":82}}],"line":230},"23":{"loc":{"start":{"line":246,"column":8},"end":{"line":248,"column":9}},"type":"if","locations":[{"start":{"line":246,"column":8},"end":{"line":248,"column":9}},{"start":{},"end":{}}],"line":246},"24":{"loc":{"start":{"line":246,"column":12},"end":{"line":246,"column":82}},"type":"binary-expr","locations":[{"start":{"line":246,"column":12},"end":{"line":246,"column":22}},{"start":{"line":246,"column":26},"end":{"line":246,"column":82}}],"line":246},"25":{"loc":{"start":{"line":252,"column":8},"end":{"line":257,"column":9}},"type":"if","locations":[{"start":{"line":252,"column":8},"end":{"line":257,"column":9}},{"start":{},"end":{}}],"line":252},"26":{"loc":{"start":{"line":252,"column":12},"end":{"line":252,"column":46}},"type":"binary-expr","locations":[{"start":{"line":252,"column":12},"end":{"line":252,"column":19}},{"start":{"line":252,"column":23},"end":{"line":252,"column":27}},{"start":{"line":252,"column":31},"end":{"line":252,"column":37}},{"start":{"line":252,"column":41},"end":{"line":252,"column":46}}],"line":252}},"s":{"0":0,"1":0,"2":0,"3":0,"4":0,"5":0,"6":0,"7":0,"8":0,"9":0,"10":0,"11":0,"12":0,"13":0,"14":0,"15":0,"16":0,"17":0,"18":0,"19":0,"20":0,"21":0,"22":0,"23":0,"24":0,"25":0,"26":0,"27":0,"28":0,"29":0,"30":0,"31":0,"32":0,"33":0,"34":0,"35":0,"36":0,"37":0,"38":0,"39":0,"40":0,"41":0,"42":0,"43":0,"44":0,"45":0,"46":0,"47":0,"48":0,"49":0,"50":0,"51":0,"52":0,"53":0,"54":0,"55":0,"56":0,"57":0,"58":0,"59":0,"60":0,"61":0,"62":0,"63":0,"64":0,"65":0,"66":0,"67":0,"68":0,"69":0,"70":0,"71":0,"72":0,"73":0,"74":0,"75":0,"76":0,"77":0,"78":0,"79":0,"80":0,"81":0,"82":0,"83":0,"84":0,"85":0,"86":0,"87":0,"88":0,"89":0,"90":0,"91":0,"92":0,"93":0,"94":0,"95":0,"96":0,"97":0,"98":0,"99":0,"100":0,"101":0,"102":0,"103":0,"104":0,"105":0,"106":0,"107":0,"108":0,"109":0,"110":0,"111":0,"112":0,"113":0,"114":0,"115":0,"116":0,"117":0,"118":0,"119":0,"120":0,"121":0,"122":0,"123":0,"124":0,"125":0,"126":0},"f":{"0":0,"1":0,"2":0,"3":0,"4":0,"5":0,"6":0,"7":0,"8":0,"9":0,"10":0,"11":0,"12":0,"13":0,"14":0,"15":0,"16":0},"b":{"0":[0,0],"1":[0,0],"2":[0,0],"3":[0,0],"4":[0,0],"5":[0,0],"6":[0,0],"7":[0,0],"8":[0,0],"9":[0,0],"10":[0,0],"11":[0,0],"12":[0,0],"13":[0,0],"14":[0,0],"15":[0,0],"16":[0,0],"17":[0,0],"18":[0,0],"19":[0,0],"20":[0,0],"21":[0,0],"22":[0,0],"23":[0,0],"24":[0,0],"25":[0,0],"26":[0,0,0,0]}}
,"C:\\Users\\ss\\Desktop\\BEE!\\FinSight\\src\\routes\\market.js": {"path":"C:\\Users\\ss\\Desktop\\BEE!\\FinSight\\src\\routes\\market.js","statementMap":{"0":{"start":{"line":1,"column":16},"end":{"line":1,"column":34}},"1":{"start":{"line":2,"column":20},"end":{"line":2,"column":52}},"2":{"start":{"line":3,"column":15},"end":{"line":3,"column":31}},"3":{"start":{"line":6,"column":0},"end":{"line":13,"column":3}},"4":{"start":{"line":7,"column":2},"end":{"line":12,"column":30}},"5":{"start":{"line":8,"column":14},"end":{"line":8,"column":45}},"6":{"start":{"line":9,"column":14},"end":{"line":9,"column":54}},"7":{"start":{"line":10,"column":4},"end":{"line":10,"column":80}},"8":{"start":{"line":10,"column":12},"end":{"line":10,"column":80}},"9":{"start":{"line":11,"column":4},"end":{"line":11,"column":16}},"10":{"start":{"line":12,"column":18},"end":{"line":12,"column":28}},"11":{"start":{"line":15,"column":0},"end":{"line":15,"column":24}}},"fnMap":{"0":{"name":"(anonymous_0)","decl":{"start":{"line":6,"column":23},"end":{"line":6,"column":24}},"loc":{"start":{"line":6,"column":49},"end":{"line":13,"column":1}},"line":6}},"branchMap":{"0":{"loc":{"start":{"line":10,"column":4},"end":{"line":10,"column":80}},"type":"if","locations":[{"start":{"line":10,"column":4},"end":{"line":10,"column":80}},{"start":{},"end":{}}],"line":10}},"s":{"0":0,"1":0,"2":0,"3":0,"4":0,"5":0,"6":0,"7":0,"8":0,"9":0,"10":0,"11":0},"f":{"0":0},"b":{"0":[0,0]}}
,"C:\\Users\\ss\\Desktop\\BEE!\\FinSight\\src\\routes\\portfolios.js": {"path":"C:\\Users\\ss\\Desktop\\BEE!\\FinSight\\src\\routes\\portfolios.js","statementMap":{"0":{"start":{"line":1,"column":16},"end":{"line":1,"column":34}},"1":{"start":{"line":2,"column":18},"end":{"line":2,"column":48}},"2":{"start":{"line":3,"column":13},"end":{"line":3,"column":43}},"3":{"start":{"line":4,"column":36},"end":{"line":4,"column":71}},"4":{"start":{"line":5,"column":15},"end":{"line":5,"column":31}},"5":{"start":{"line":7,"column":0},"end":{"line":7,"column":17}},"6":{"start":{"line":10,"column":0},"end":{"line":17,"column":3}},"7":{"start":{"line":11,"column":2},"end":{"line":16,"column":30}},"8":{"start":{"line":12,"column":31},"end":{"line":12,"column":39}},"9":{"start":{"line":13,"column":14},"end":{"line":13,"column":69}},"10":{"start":{"line":14,"column":4},"end":{"line":14,"column":19}},"11":{"start":{"line":15,"column":4},"end":{"line":15,"column":28}},"12":{"start":{"line":16,"column":18},"end":{"line":16,"column":28}},"13":{"start":{"line":20,"column":0},"end":{"line":25,"column":3}},"14":{"start":{"line":21,"column":2},"end":{"line":24,"column":30}},"15":{"start":{"line":22,"column":17},"end":{"line":22,"column":63}},"16":{"start":{"line":23,"column":4},"end":{"line":23,"column":19}},"17":{"start":{"line":24,"column":18},"end":{"line":24,"column":28}},"18":{"start":{"line":28,"column":0},"end":{"line":40,"column":3}},"19":{"start":{"line":29,"column":2},"end":{"line":39,"column":30}},"20":{"start":{"line":30,"column":14},"end":{"line":30,"column":53}},"21":{"start":{"line":31,"column":4},"end":{"line":31,"column":64}},"22":{"start":{"line":31,"column":12},"end":{"line":31,"column":64}},"23":{"start":{"line":34,"column":4},"end":{"line":36,"column":5}},"24":{"start":{"line":35,"column":6},"end":{"line":35,"column":58}},"25":{"start":{"line":38,"column":4},"end":{"line":38,"column":16}},"26":{"start":{"line":39,"column":18},"end":{"line":39,"column":28}},"27":{"start":{"line":43,"column":0},"end":{"line":60,"column":3}},"28":{"start":{"line":44,"column":2},"end":{"line":59,"column":30}},"29":{"start":{"line":45,"column":14},"end":{"line":45,"column":53}},"30":{"start":{"line":46,"column":4},"end":{"line":46,"column":74}},"31":{"start":{"line":46,"column":12},"end":{"line":46,"column":74}},"32":{"start":{"line":49,"column":4},"end":{"line":51,"column":5}},"33":{"start":{"line":50,"column":6},"end":{"line":50,"column":58}},"34":{"start":{"line":53,"column":20},"end":{"line":53,"column":64}},"35":{"start":{"line":55,"column":4},"end":{"line":58,"column":7}},"36":{"start":{"line":59,"column":18},"end":{"line":59,"column":28}},"37":{"start":{"line":62,"column":0},"end":{"line":62,"column":24}}},"fnMap":{"0":{"name":"(anonymous_0)","decl":{"start":{"line":10,"column":17},"end":{"line":10,"column":18}},"loc":{"start":{"line":10,"column":43},"end":{"line":17,"column":1}},"line":10},"1":{"name":"(anonymous_1)","decl":{"start":{"line":20,"column":16},"end":{"line":20,"column":17}},"loc":{"start":{"line":20,"column":42},"end":{"line":25,"column":1}},"line":20},"2":{"name":"(anonymous_2)","decl":{"start":{"line":28,"column":19},"end":{"line":28,"column":20}},"loc":{"start":{"line":28,"column":45},"end":{"line":40,"column":1}},"line":28},"3":{"name":"(anonymous_3)","decl":{"start":{"line":43,"column":27},"end":{"line":43,"column":28}},"loc":{"start":{"line":43,"column":53},"end":{"line":60,"column":1}},"line":43}},"branchMap":{"0":{"loc":{"start":{"line":31,"column":4},"end":{"line":31,"column":64}},"type":"if","locations":[{"start":{"line":31,"column":4},"end":{"line":31,"column":64}},{"start":{},"end":{}}],"line":31},"1":{"loc":{"start":{"line":34,"column":4},"end":{"line":36,"column":5}},"type":"if","locations":[{"start":{"line":34,"column":4},"end":{"line":36,"column":5}},{"start":{},"end":{}}],"line":34},"2":{"loc":{"start":{"line":46,"column":4},"end":{"line":46,"column":74}},"type":"if","locations":[{"start":{"line":46,"column":4},"end":{"line":46,"column":74}},{"start":{},"end":{}}],"line":46},"3":{"loc":{"start":{"line":49,"column":4},"end":{"line":51,"column":5}},"type":"if","locations":[{"start":{"line":49,"column":4},"end":{"line":51,"column":5}},{"start":{},"end":{}}],"line":49}},"s":{"0":1,"1":1,"2":1,"3":1,"4":1,"5":1,"6":1,"7":2,"8":2,"9":2,"10":2,"11":2,"12":0,"13":1,"14":2,"15":2,"16":2,"17":0,"18":1,"19":3,"20":3,"21":3,"22":1,"23":2,"24":1,"25":1,"26":0,"27":1,"28":1,"29":1,"30":1,"31":0,"32":1,"33":0,"34":1,"35":1,"36":0,"37":1},"f":{"0":2,"1":2,"2":3,"3":1},"b":{"0":[1,2],"1":[1,1],"2":[0,1],"3":[0,1]},"_coverageSchema":"1a1c01bbd47fc00a2c39e90264f33305004495a9","hash":"82ff2c750c0c2162bf9cfb9636459c395338fbce"}
,"C:\\Users\\ss\\Desktop\\BEE!\\FinSight\\src\\routes\\stocks.js": {"path":"C:\\Users\\ss\\Desktop\\BEE!\\FinSight\\src\\routes\\stocks.js","statementMap":{"0":{"start":{"line":2,"column":16},"end":{"line":2,"column":34}},"1":{"start":{"line":3,"column":14},"end":{"line":3,"column":40}},"2":{"start":{"line":4,"column":15},"end":{"line":4,"column":31}},"3":{"start":{"line":7,"column":0},"end":{"line":52,"column":3}},"4":{"start":{"line":8,"column":2},"end":{"line":51,"column":3}},"5":{"start":{"line":16,"column":8},"end":{"line":16,"column":17}},"6":{"start":{"line":18,"column":18},"end":{"line":18,"column":34}},"7":{"start":{"line":21,"column":4},"end":{"line":26,"column":5}},"8":{"start":{"line":22,"column":6},"end":{"line":25,"column":8}},"9":{"start":{"line":29,"column":4},"end":{"line":31,"column":5}},"10":{"start":{"line":30,"column":6},"end":{"line":30,"column":28}},"11":{"start":{"line":33,"column":22},"end":{"line":33,"column":47}},"12":{"start":{"line":34,"column":24},"end":{"line":34,"column":47}},"13":{"start":{"line":36,"column":19},"end":{"line":39,"column":51}},"14":{"start":{"line":41,"column":18},"end":{"line":41,"column":51}},"15":{"start":{"line":43,"column":4},"end":{"line":48,"column":7}},"16":{"start":{"line":50,"column":4},"end":{"line":50,"column":14}},"17":{"start":{"line":55,"column":0},"end":{"line":70,"column":3}},"18":{"start":{"line":56,"column":2},"end":{"line":69,"column":3}},"19":{"start":{"line":57,"column":18},"end":{"line":60,"column":6}},"20":{"start":{"line":62,"column":4},"end":{"line":64,"column":5}},"21":{"start":{"line":63,"column":6},"end":{"line":63,"column":64}},"22":{"start":{"line":66,"column":4},"end":{"line":66,"column":20}},"23":{"start":{"line":68,"column":4},"end":{"line":68,"column":14}},"24":{"start":{"line":73,"column":0},"end":{"line":86,"column":3}},"25":{"start":{"line":74,"column":2},"end":{"line":85,"column":3}},"26":{"start":{"line":75,"column":27},"end":{"line":75,"column":36}},"27":{"start":{"line":78,"column":19},"end":{"line":80,"column":29}},"28":{"start":{"line":82,"column":4},"end":{"line":82,"column":21}},"29":{"start":{"line":84,"column":4},"end":{"line":84,"column":14}},"30":{"start":{"line":89,"column":0},"end":{"line":101,"column":3}},"31":{"start":{"line":90,"column":2},"end":{"line":100,"column":3}},"32":{"start":{"line":91,"column":27},"end":{"line":91,"column":36}},"33":{"start":{"line":93,"column":19},"end":{"line":95,"column":29}},"34":{"start":{"line":97,"column":4},"end":{"line":97,"column":21}},"35":{"start":{"line":99,"column":4},"end":{"line":99,"column":14}},"36":{"start":{"line":104,"column":0},"end":{"line":116,"column":3}},"37":{"start":{"line":105,"column":2},"end":{"line":115,"column":3}},"38":{"start":{"line":106,"column":27},"end":{"line":106,"column":36}},"39":{"start":{"line":108,"column":19},"end":{"line":110,"column":29}},"40":{"start":{"line":112,"column":4},"end":{"line":112,"column":21}},"41":{"start":{"line":114,"column":4},"end":{"line":114,"column":14}},"42":{"start":{"line":119,"column":0},"end":{"line":126,"column":3}},"43":{"start":{"line":120,"column":2},"end":{"line":125,"column":3}},"44":{"start":{"line":121,"column":20},"end":{"line":121,"column":68}},"45":{"start":{"line":122,"column":4},"end":{"line":122,"column":37}},"46":{"start":{"line":122,"column":33},"end":{"line":122,"column":34}},"47":{"start":{"line":124,"column":4},"end":{"line":124,"column":14}},"48":{"start":{"line":128,"column":0},"end":{"line":128,"column":24}}},"fnMap":{"0":{"name":"(anonymous_0)","decl":{"start":{"line":7,"column":16},"end":{"line":7,"column":17}},"loc":{"start":{"line":7,"column":42},"end":{"line":52,"column":1}},"line":7},"1":{"name":"(anonymous_1)","decl":{"start":{"line":55,"column":23},"end":{"line":55,"column":24}},"loc":{"start":{"line":55,"column":49},"end":{"line":70,"column":1}},"line":55},"2":{"name":"(anonymous_2)","decl":{"start":{"line":73,"column":28},"end":{"line":73,"column":29}},"loc":{"start":{"line":73,"column":54},"end":{"line":86,"column":1}},"line":73},"3":{"name":"(anonymous_3)","decl":{"start":{"line":89,"column":30},"end":{"line":89,"column":31}},"loc":{"start":{"line":89,"column":56},"end":{"line":101,"column":1}},"line":89},"4":{"name":"(anonymous_4)","decl":{"start":{"line":104,"column":29},"end":{"line":104,"column":30}},"loc":{"start":{"line":104,"column":55},"end":{"line":116,"column":1}},"line":104},"5":{"name":"(anonymous_5)","decl":{"start":{"line":119,"column":27},"end":{"line":119,"column":28}},"loc":{"start":{"line":119,"column":53},"end":{"line":126,"column":1}},"line":119},"6":{"name":"(anonymous_6)","decl":{"start":{"line":122,"column":28},"end":{"line":122,"column":29}},"loc":{"start":{"line":122,"column":33},"end":{"line":122,"column":34}},"line":122}},"branchMap":{"0":{"loc":{"start":{"line":10,"column":6},"end":{"line":10,"column":14}},"type":"default-arg","locations":[{"start":{"line":10,"column":13},"end":{"line":10,"column":14}}],"line":10},"1":{"loc":{"start":{"line":11,"column":6},"end":{"line":11,"column":16}},"type":"default-arg","locations":[{"start":{"line":11,"column":14},"end":{"line":11,"column":16}}],"line":11},"2":{"loc":{"start":{"line":12,"column":6},"end":{"line":12,"column":17}},"type":"default-arg","locations":[{"start":{"line":12,"column":15},"end":{"line":12,"column":17}}],"line":12},"3":{"loc":{"start":{"line":13,"column":6},"end":{"line":13,"column":17}},"type":"default-arg","locations":[{"start":{"line":13,"column":15},"end":{"line":13,"column":17}}],"line":13},"4":{"loc":{"start":{"line":14,"column":6},"end":{"line":14,"column":23}},"type":"default-arg","locations":[{"start":{"line":14,"column":15},"end":{"line":14,"column":23}}],"line":14},"5":{"loc":{"start":{"line":15,"column":6},"end":{"line":15,"column":19}},"type":"default-arg","locations":[{"start":{"line":15,"column":14},"end":{"line":15,"column":19}}],"line":15},"6":{"loc":{"start":{"line":21,"column":4},"end":{"line":26,"column":5}},"type":"if","locations":[{"start":{"line":21,"column":4},"end":{"line":26,"column":5}},{"start":{},"end":{}}],"line":21},"7":{"loc":{"start":{"line":29,"column":4},"end":{"line":31,"column":5}},"type":"if","locations":[{"start":{"line":29,"column":4},"end":{"line":31,"column":5}},{"start":{},"end":{}}],"line":29},"8":{"loc":{"start":{"line":33,"column":22},"end":{"line":33,"column":47}},"type":"cond-expr","locations":[{"start":{"line":33,"column":41},"end":{"line":33,"column":43}},{"start":{"line":33,"column":46},"end":{"line":33,"column":47}}],"line":33},"9":{"loc":{"start":{"line":62,"column":4},"end":{"line":64,"column":5}},"type":"if","locations":[{"start":{"line":62,"column":4},"end":{"line":64,"column":5}},{"start":{},"end":{}}],"line":62},"10":{"loc":{"start":{"line":75,"column":12},"end":{"line":75,"column":22}},"type":"default-arg","locations":[{"start":{"line":75,"column":20},"end":{"line":75,"column":22}}],"line":75},"11":{"loc":{"start":{"line":91,"column":12},"end":{"line":91,"column":22}},"type":"default-arg","locations":[{"start":{"line":91,"column":20},"end":{"line":91,"column":22}}],"line":91},"12":{"loc":{"start":{"line":106,"column":12},"end":{"line":106,"column":22}},"type":"default-arg","locations":[{"start":{"line":106,"column":20},"end":{"line":106,"column":22}}],"line":106}},"s":{"0":0,"1":0,"2":0,"3":0,"4":0,"5":0,"6":0,"7":0,"8":0,"9":0,"10":0,"11":0,"12":0,"13":0,"14":0,"15":0,"16":0,"17":0,"18":0,"19":0,"20":0,"21":0,"22":0,"23":0,"24":0,"25":0,"26":0,"27":0,"28":0,"29":0,"30":0,"31":0,"32":0,"33":0,"34":0,"35":0,"36":0,"37":0,"38":0,"39":0,"40":0,"41":0,"42":0,"43":0,"44":0,"45":0,"46":0,"47":0,"48":0},"f":{"0":0,"1":0,"2":0,"3":0,"4":0,"5":0,"6":0},"b":{"0":[0],"1":[0],"2":[0],"3":[0],"4":[0],"5":[0],"6":[0,0],"7":[0,0],"8":[0,0],"9":[0,0],"10":[0],"11":[0],"12":[0]}}
,"C:\\Users\\ss\\Desktop\\BEE!\\FinSight\\src\\routes\\stocksDemo.js": {"path":"C:\\Users\\ss\\Desktop\\BEE!\\FinSight\\src\\routes\\stocksDemo.js","statementMap":{"0":{"start":{"line":2,"column":16},"end":{"line":2,"column":34}},"1":{"start":{"line":3,"column":15},"end":{"line":3,"column":31}},"2":{"start":{"line":4,"column":14},"end":{"line":4,"column":40}},"3":{"start":{"line":5,"column":18},"end":{"line":5,"column":48}},"4":{"start":{"line":6,"column":20},"end":{"line":6,"column":52}},"5":{"start":{"line":10,"column":4},"end":{"line":10,"column":64}},"6":{"start":{"line":10,"column":29},"end":{"line":10,"column":64}},"7":{"start":{"line":11,"column":4},"end":{"line":11,"column":11}},"8":{"start":{"line":15,"column":0},"end":{"line":61,"column":3}},"9":{"start":{"line":16,"column":4},"end":{"line":60,"column":5}},"10":{"start":{"line":17,"column":55},"end":{"line":17,"column":64}},"11":{"start":{"line":18,"column":22},"end":{"line":18,"column":24}},"12":{"start":{"line":20,"column":22},"end":{"line":20,"column":38}},"13":{"start":{"line":22,"column":8},"end":{"line":27,"column":9}},"14":{"start":{"line":23,"column":12},"end":{"line":26,"column":14}},"15":{"start":{"line":29,"column":8},"end":{"line":31,"column":9}},"16":{"start":{"line":30,"column":12},"end":{"line":30,"column":34}},"17":{"start":{"line":33,"column":23},"end":{"line":36,"column":37}},"18":{"start":{"line":38,"column":22},"end":{"line":38,"column":55}},"19":{"start":{"line":39,"column":24},"end":{"line":39,"column":72}},"20":{"start":{"line":40,"column":27},"end":{"line":40,"column":80}},"21":{"start":{"line":43,"column":25},"end":{"line":45,"column":21}},"22":{"start":{"line":47,"column":8},"end":{"line":56,"column":11}},"23":{"start":{"line":50,"column":41},"end":{"line":50,"column":42}},"24":{"start":{"line":58,"column":8},"end":{"line":58,"column":49}},"25":{"start":{"line":59,"column":8},"end":{"line":59,"column":82}},"26":{"start":{"line":64,"column":0},"end":{"line":85,"column":3}},"27":{"start":{"line":65,"column":4},"end":{"line":84,"column":5}},"28":{"start":{"line":66,"column":22},"end":{"line":69,"column":10}},"29":{"start":{"line":71,"column":8},"end":{"line":73,"column":9}},"30":{"start":{"line":72,"column":12},"end":{"line":72,"column":83}},"31":{"start":{"line":75,"column":27},"end":{"line":75,"column":80}},"32":{"start":{"line":77,"column":8},"end":{"line":80,"column":11}},"33":{"start":{"line":82,"column":8},"end":{"line":82,"column":50}},"34":{"start":{"line":83,"column":8},"end":{"line":83,"column":84}},"35":{"start":{"line":88,"column":0},"end":{"line":121,"column":3}},"36":{"start":{"line":89,"column":4},"end":{"line":120,"column":5}},"37":{"start":{"line":90,"column":51},"end":{"line":90,"column":59}},"38":{"start":{"line":92,"column":26},"end":{"line":92,"column":63}},"39":{"start":{"line":93,"column":8},"end":{"line":95,"column":9}},"40":{"start":{"line":94,"column":12},"end":{"line":94,"column":64}},"41":{"start":{"line":97,"column":22},"end":{"line":97,"column":75}},"42":{"start":{"line":98,"column":8},"end":{"line":100,"column":9}},"43":{"start":{"line":99,"column":12},"end":{"line":99,"column":70}},"44":{"start":{"line":102,"column":28},"end":{"line":108,"column":10}},"45":{"start":{"line":110,"column":8},"end":{"line":110,"column":33}},"46":{"start":{"line":112,"column":8},"end":{"line":116,"column":11}},"47":{"start":{"line":118,"column":8},"end":{"line":118,"column":43}},"48":{"start":{"line":119,"column":8},"end":{"line":119,"column":56}},"49":{"start":{"line":123,"column":0},"end":{"line":123,"column":24}}},"fnMap":{"0":{"name":"requireLogin","decl":{"start":{"line":9,"column":9},"end":{"line":9,"column":21}},"loc":{"start":{"line":9,"column":38},"end":{"line":12,"column":1}},"line":9},"1":{"name":"(anonymous_1)","decl":{"start":{"line":15,"column":36},"end":{"line":15,"column":37}},"loc":{"start":{"line":15,"column":56},"end":{"line":61,"column":1}},"line":15},"2":{"name":"(anonymous_2)","decl":{"start":{"line":50,"column":36},"end":{"line":50,"column":37}},"loc":{"start":{"line":50,"column":41},"end":{"line":50,"column":42}},"line":50},"3":{"name":"(anonymous_3)","decl":{"start":{"line":64,"column":43},"end":{"line":64,"column":44}},"loc":{"start":{"line":64,"column":63},"end":{"line":85,"column":1}},"line":64},"4":{"name":"(anonymous_4)","decl":{"start":{"line":88,"column":36},"end":{"line":88,"column":37}},"loc":{"start":{"line":88,"column":56},"end":{"line":121,"column":1}},"line":88}},"branchMap":{"0":{"loc":{"start":{"line":10,"column":4},"end":{"line":10,"column":64}},"type":"if","locations":[{"start":{"line":10,"column":4},"end":{"line":10,"column":64}},{"start":{},"end":{}}],"line":10},"1":{"loc":{"start":{"line":17,"column":16},"end":{"line":17,"column":27}},"type":"default-arg","locations":[{"start":{"line":17,"column":25},"end":{"line":17,"column":27}}],"line":17},"2":{"loc":{"start":{"line":17,"column":29},"end":{"line":17,"column":40}},"type":"default-arg","locations":[{"start":{"line":17,"column":38},"end":{"line":17,"column":40}}],"line":17},"3":{"loc":{"start":{"line":17,"column":42},"end":{"line":17,"column":50}},"type":"default-arg","locations":[{"start":{"line":17,"column":49},"end":{"line":17,"column":50}}],"line":17},"4":{"loc":{"start":{"line":22,"column":8},"end":{"line":27,"column":9}},"type":"if","locations":[{"start":{"line":22,"column":8},"end":{"line":27,"column":9}},{"start":{},"end":{}}],"line":22},"5":{"loc":{"start":{"line":29,"column":8},"end":{"line":31,"column":9}},"type":"if","locations":[{"start":{"line":29,"column":8},"end":{"line":31,"column":9}},{"start":{},"end":{}}],"line":29},"6":{"loc":{"start":{"line":71,"column":8},"end":{"line":73,"column":9}},"type":"if","locations":[{"start":{"line":71,"column":8},"end":{"line":73,"column":9}},{"start":{},"end":{}}],"line":71},"7":{"loc":{"start":{"line":93,"column":8},"end":{"line":95,"column":9}},"type":"if","locations":[{"start":{"line":93,"column":8},"end":{"line":95,"column":9}},{"start":{},"end":{}}],"line":93},"8":{"loc":{"start":{"line":93,"column":12},"end":{"line":93,"column":82}},"type":"binary-expr","locations":[{"start":{"line":93,"column":12},"end":{"line":93,"column":22}},{"start":{"line":93,"column":26},"end":{"line":93,"column":82}}],"line":93},"9":{"loc":{"start":{"line":98,"column":8},"end":{"line":100,"column":9}},"type":"if","locations":[{"start":{"line":98,"column":8},"end":{"line":100,"column":9}},{"start":{},"end":{}}],"line":98},"10":{"loc":{"start":{"line":115,"column":37},"end":{"line":115,"column":71}},"type":"cond-expr","locations":[{"start":{"line":115,"column":54},"end":{"line":115,"column":62}},{"start":{"line":115,"column":65},"end":{"line":115,"column":71}}],"line":115}},"s":{"0":0,"1":0,"2":0,"3":0,"4":0,"5":0,"6":0,"7":0,"8":0,"9":0,"10":0,"11":0,"12":0,"13":0,"14":0,"15":0,"16":0,"17":0,"18":0,"19":0,"20":0,"21":0,"22":0,"23":0,"24":0,"25":0,"26":0,"27":0,"28":0,"29":0,"30":0,"31":0,"32":0,"33":0,"34":0,"35":0,"36":0,"37":0,"38":0,"39":0,"40":0,"41":0,"42":0,"43":0,"44":0,"45":0,"46":0,"47":0,"48":0,"49":0},"f":{"0":0,"1":0,"2":0,"3":0,"4":0},"b":{"0":[0,0],"1":[0],"2":[0],"3":[0],"4":[0,0],"5":[0,0],"6":[0,0],"7":[0,0],"8":[0,0],"9":[0,0],"10":[0,0]}}
,"C:\\Users\\ss\\Desktop\\BEE!\\FinSight\\src\\routes\\transactions.js": {"path":"C:\\Users\\ss\\Desktop\\BEE!\\FinSight\\src\\routes\\transactions.js","statementMap":{"0":{"start":{"line":1,"column":16},"end":{"line":1,"column":34}},"1":{"start":{"line":2,"column":20},"end":{"line":2,"column":52}},"2":{"start":{"line":3,"column":18},"end":{"line":3,"column":48}},"3":{"start":{"line":4,"column":13},"end":{"line":4,"column":43}},"4":{"start":{"line":5,"column":15},"end":{"line":5,"column":31}},"5":{"start":{"line":7,"column":0},"end":{"line":7,"column":17}},"6":{"start":{"line":10,"column":0},"end":{"line":21,"column":3}},"7":{"start":{"line":11,"column":2},"end":{"line":20,"column":30}},"8":{"start":{"line":12,"column":28},"end":{"line":12,"column":38}},"9":{"start":{"line":13,"column":41},"end":{"line":13,"column":49}},"10":{"start":{"line":14,"column":22},"end":{"line":14,"column":59}},"11":{"start":{"line":15,"column":4},"end":{"line":15,"column":82}},"12":{"start":{"line":15,"column":20},"end":{"line":15,"column":82}},"13":{"start":{"line":16,"column":4},"end":{"line":16,"column":111}},"14":{"start":{"line":16,"column":59},"end":{"line":16,"column":111}},"15":{"start":{"line":17,"column":14},"end":{"line":17,"column":94}},"16":{"start":{"line":18,"column":4},"end":{"line":18,"column":19}},"17":{"start":{"line":19,"column":4},"end":{"line":19,"column":28}},"18":{"start":{"line":20,"column":18},"end":{"line":20,"column":28}},"19":{"start":{"line":23,"column":0},"end":{"line":23,"column":24}}},"fnMap":{"0":{"name":"(anonymous_0)","decl":{"start":{"line":10,"column":29},"end":{"line":10,"column":30}},"loc":{"start":{"line":10,"column":55},"end":{"line":21,"column":1}},"line":10}},"branchMap":{"0":{"loc":{"start":{"line":15,"column":4},"end":{"line":15,"column":82}},"type":"if","locations":[{"start":{"line":15,"column":4},"end":{"line":15,"column":82}},{"start":{},"end":{}}],"line":15},"1":{"loc":{"start":{"line":16,"column":4},"end":{"line":16,"column":111}},"type":"if","locations":[{"start":{"line":16,"column":4},"end":{"line":16,"column":111}},{"start":{},"end":{}}],"line":16}},"s":{"0":1,"1":1,"2":1,"3":1,"4":1,"5":1,"6":1,"7":5,"8":5,"9":5,"10":5,"11":5,"12":1,"13":4,"14":1,"15":3,"16":3,"17":3,"18":0,"19":1},"f":{"0":5},"b":{"0":[1,4],"1":[1,3]},"_coverageSchema":"1a1c01bbd47fc00a2c39e90264f33305004495a9","hash":"6641ce9a818d80261f3416d77b8711a9f4edd5ba"}
,"C:\\Users\\ss\\Desktop\\BEE!\\FinSight\\src\\services\\stockPriceService.js": {"path":"C:\\Users\\ss\\Desktop\\BEE!\\FinSight\\src\\services\\stockPriceService.js","statementMap":{"0":{"start":{"line":2,"column":14},"end":{"line":2,"column":40}},"1":{"start":{"line":3,"column":20},"end":{"line":3,"column":52}},"2":{"start":{"line":9,"column":4},"end":{"line":46,"column":5}},"3":{"start":{"line":10,"column":21},"end":{"line":10,"column":55}},"4":{"start":{"line":12,"column":6},"end":{"line":41,"column":7}},"5":{"start":{"line":14,"column":30},"end":{"line":14,"column":58}},"6":{"start":{"line":15,"column":25},"end":{"line":15,"column":65}},"7":{"start":{"line":18,"column":24},"end":{"line":18,"column":69}},"8":{"start":{"line":19,"column":23},"end":{"line":19,"column":67}},"9":{"start":{"line":22,"column":23},"end":{"line":22,"column":69}},"10":{"start":{"line":24,"column":8},"end":{"line":30,"column":11}},"11":{"start":{"line":33,"column":8},"end":{"line":40,"column":10}},"12":{"start":{"line":43,"column":6},"end":{"line":43,"column":64}},"13":{"start":{"line":45,"column":6},"end":{"line":45,"column":59}},"14":{"start":{"line":51,"column":4},"end":{"line":429,"column":5}},"15":{"start":{"line":52,"column":20},"end":{"line":52,"column":48}},"16":{"start":{"line":53,"column":6},"end":{"line":56,"column":7}},"17":{"start":{"line":54,"column":8},"end":{"line":54,"column":49}},"18":{"start":{"line":55,"column":8},"end":{"line":55,"column":15}},"19":{"start":{"line":58,"column":24},"end":{"line":410,"column":7}},"20":{"start":{"line":412,"column":6},"end":{"line":412,"column":40}},"21":{"start":{"line":413,"column":6},"end":{"line":413,"column":55}},"22":{"start":{"line":416,"column":6},"end":{"line":425,"column":7}},"23":{"start":{"line":417,"column":8},"end":{"line":424,"column":10}},"24":{"start":{"line":428,"column":6},"end":{"line":428,"column":56}},"25":{"start":{"line":433,"column":0},"end":{"line":433,"column":35}}},"fnMap":{"0":{"name":"(anonymous_0)","decl":{"start":{"line":8,"column":2},"end":{"line":8,"column":3}},"loc":{"start":{"line":8,"column":35},"end":{"line":47,"column":3}},"line":8},"1":{"name":"(anonymous_1)","decl":{"start":{"line":50,"column":2},"end":{"line":50,"column":3}},"loc":{"start":{"line":50,"column":31},"end":{"line":430,"column":3}},"line":50}},"branchMap":{"0":{"loc":{"start":{"line":18,"column":33},"end":{"line":18,"column":58}},"type":"binary-expr","locations":[{"start":{"line":18,"column":33},"end":{"line":18,"column":46}},{"start":{"line":18,"column":50},"end":{"line":18,"column":58}}],"line":18},"1":{"loc":{"start":{"line":19,"column":32},"end":{"line":19,"column":56}},"type":"binary-expr","locations":[{"start":{"line":19,"column":32},"end":{"line":19,"column":44}},{"start":{"line":19,"column":48},"end":{"line":19,"column":56}}],"line":19},"2":{"loc":{"start":{"line":53,"column":6},"end":{"line":56,"column":7}},"type":"if","locations":[{"start":{"line":53,"column":6},"end":{"line":56,"column":7}},{"start":{},"end":{}}],"line":53}},"s":{"0":0,"1":0,"2":0,"3":0,"4":0,"5":0,"6":0,"7":0,"8":0,"9":0,"10":0,"11":0,"12":0,"13":0,"14":0,"15":0,"16":0,"17":0,"18":0,"19":0,"20":0,"21":0,"22":0,"23":0,"24":0,"25":0},"f":{"0":0,"1":0},"b":{"0":[0,0],"1":[0,0],"2":[0,0]}}
}
